<?xml version="1.0" encoding="UTF-8"?>
<testsuite xmlns:xsi="http://www.w3.org/2001/XMLSchema-instance" xsi:noNamespaceSchemaLocation="https://maven.apache.org/surefire/maven-surefire-plugin/xsd/surefire-test-report.xsd" name="RIPEMD160Test" time="0" tests="1" errors="0" skipped="0" failures="1">
  <properties>
    <property name="awt.toolkit" value="sun.awt.X11.XToolkit"/>
    <property name="java.specification.version" value="11"/>
    <property name="sun.cpu.isalist" value=""/>
    <property name="sun.jnu.encoding" value="UTF-8"/>
    <property name="java.class.path" value="/home/robbie/IdeaProjects/mathHomework/target/test-classes:/home/robbie/IdeaProjects/mathHomework/target/classes:/home/robbie/.m2/repository/org/junit/platform/junit-platform-surefire-provider/1.2.0-M1/junit-platform-surefire-provider-1.2.0-M1.jar:/home/robbie/.m2/repository/org/apiguardian/apiguardian-api/1.0.0/apiguardian-api-1.0.0.jar:/home/robbie/.m2/repository/org/junit/platform/junit-platform-launcher/1.2.0-M1/junit-platform-launcher-1.2.0-M1.jar:/home/robbie/.m2/repository/org/apache/maven/surefire/surefire-api/2.21.0/surefire-api-2.21.0.jar:/home/robbie/.m2/repository/org/apache/maven/surefire/surefire-logger-api/2.21.0/surefire-logger-api-2.21.0.jar:/home/robbie/.m2/repository/org/apache/maven/surefire/common-java5/2.21.0/common-java5-2.21.0.jar:/home/robbie/.m2/repository/org/junit/jupiter/junit-jupiter-engine/5.2.0-M1/junit-jupiter-engine-5.2.0-M1.jar:/home/robbie/.m2/repository/org/junit/platform/junit-platform-engine/1.2.0-M1/junit-platform-engine-1.2.0-M1.jar:/home/robbie/.m2/repository/junit/junit/4.13-beta-3/junit-4.13-beta-3.jar:/home/robbie/.m2/repository/org/hamcrest/hamcrest-core/1.3/hamcrest-core-1.3.jar:/home/robbie/.m2/repository/org/junit/jupiter/junit-jupiter-api/5.5.0-RC1/junit-jupiter-api-5.5.0-RC1.jar:/home/robbie/.m2/repository/org/opentest4j/opentest4j/1.2.0/opentest4j-1.2.0.jar:/home/robbie/.m2/repository/org/junit/platform/junit-platform-commons/1.5.0-RC1/junit-platform-commons-1.5.0-RC1.jar:"/>
    <property name="java.vm.vendor" value="Oracle Corporation"/>
    <property name="sun.arch.data.model" value="64"/>
    <property name="java.vendor.url" value="http://java.oracle.com/"/>
    <property name="user.timezone" value=""/>
    <property name="java.vm.specification.version" value="11"/>
    <property name="os.name" value="Linux"/>
    <property name="sun.java.launcher" value="SUN_STANDARD"/>
    <property name="user.country" value="US"/>
    <property name="sun.boot.library.path" value="/usr/lib/jvm/java-11-openjdk-amd64/lib"/>
    <property name="sun.java.command" value="/home/robbie/IdeaProjects/mathHomework/target/surefire/surefirebooter12613589719181137825.jar /home/robbie/IdeaProjects/mathHomework/target/surefire 2019-06-15T04-11-23_068-jvmRun1 surefire1769271871716392464tmp surefire_08584882346691417621tmp"/>
    <property name="jdk.debug" value="release"/>
    <property name="surefire.test.class.path" value="/home/robbie/IdeaProjects/mathHomework/target/test-classes:/home/robbie/IdeaProjects/mathHomework/target/classes:/home/robbie/.m2/repository/org/junit/platform/junit-platform-surefire-provider/1.2.0-M1/junit-platform-surefire-provider-1.2.0-M1.jar:/home/robbie/.m2/repository/org/apiguardian/apiguardian-api/1.0.0/apiguardian-api-1.0.0.jar:/home/robbie/.m2/repository/org/junit/platform/junit-platform-launcher/1.2.0-M1/junit-platform-launcher-1.2.0-M1.jar:/home/robbie/.m2/repository/org/apache/maven/surefire/surefire-api/2.21.0/surefire-api-2.21.0.jar:/home/robbie/.m2/repository/org/apache/maven/surefire/surefire-logger-api/2.21.0/surefire-logger-api-2.21.0.jar:/home/robbie/.m2/repository/org/apache/maven/surefire/common-java5/2.21.0/common-java5-2.21.0.jar:/home/robbie/.m2/repository/org/junit/jupiter/junit-jupiter-engine/5.2.0-M1/junit-jupiter-engine-5.2.0-M1.jar:/home/robbie/.m2/repository/org/junit/platform/junit-platform-engine/1.2.0-M1/junit-platform-engine-1.2.0-M1.jar:/home/robbie/.m2/repository/junit/junit/4.13-beta-3/junit-4.13-beta-3.jar:/home/robbie/.m2/repository/org/hamcrest/hamcrest-core/1.3/hamcrest-core-1.3.jar:/home/robbie/.m2/repository/org/junit/jupiter/junit-jupiter-api/5.5.0-RC1/junit-jupiter-api-5.5.0-RC1.jar:/home/robbie/.m2/repository/org/opentest4j/opentest4j/1.2.0/opentest4j-1.2.0.jar:/home/robbie/.m2/repository/org/junit/platform/junit-platform-commons/1.5.0-RC1/junit-platform-commons-1.5.0-RC1.jar:"/>
    <property name="sun.cpu.endian" value="little"/>
    <property name="user.home" value="/home/robbie"/>
    <property name="user.language" value="en"/>
    <property name="java.specification.vendor" value="Oracle Corporation"/>
    <property name="java.version.date" value="2019-04-16"/>
    <property name="java.home" value="/usr/lib/jvm/java-11-openjdk-amd64"/>
    <property name="file.separator" value="/"/>
    <property name="basedir" value="/home/robbie/IdeaProjects/mathHomework"/>
    <property name="java.vm.compressedOopsMode" value="Zero based"/>
    <property name="line.separator" value="&#10;"/>
    <property name="java.specification.name" value="Java Platform API Specification"/>
    <property name="java.vm.specification.vendor" value="Oracle Corporation"/>
    <property name="java.awt.graphicsenv" value="sun.awt.X11GraphicsEnvironment"/>
    <property name="surefire.real.class.path" value="/home/robbie/IdeaProjects/mathHomework/target/surefire/surefirebooter12613589719181137825.jar"/>
    <property name="sun.management.compiler" value="HotSpot 64-Bit Tiered Compilers"/>
    <property name="java.runtime.version" value="11.0.3+7-Ubuntu-1ubuntu218.10.1"/>
    <property name="user.name" value="robbie"/>
    <property name="path.separator" value=":"/>
    <property name="os.version" value="4.18.0-21-generic"/>
    <property name="java.runtime.name" value="OpenJDK Runtime Environment"/>
    <property name="file.encoding" value="UTF-8"/>
    <property name="java.vm.name" value="OpenJDK 64-Bit Server VM"/>
    <property name="localRepository" value="/home/robbie/.m2/repository"/>
    <property name="java.vendor.url.bug" value="http://bugreport.java.com/bugreport/"/>
    <property name="java.io.tmpdir" value="/tmp"/>
    <property name="java.version" value="11.0.3"/>
    <property name="user.dir" value="/home/robbie/IdeaProjects/mathHomework"/>
    <property name="os.arch" value="amd64"/>
    <property name="java.vm.specification.name" value="Java Virtual Machine Specification"/>
    <property name="java.awt.printerjob" value="sun.print.PSPrinterJob"/>
    <property name="idea.version2019.1.3" value="true"/>
    <property name="sun.os.patch.level" value="unknown"/>
    <property name="java.library.path" value="/usr/java/packages/lib:/usr/lib/x86_64-linux-gnu/jni:/lib/x86_64-linux-gnu:/usr/lib/x86_64-linux-gnu:/usr/lib/jni:/lib:/usr/lib"/>
    <property name="java.vendor" value="Oracle Corporation"/>
    <property name="java.vm.info" value="mixed mode, sharing"/>
    <property name="java.vm.version" value="11.0.3+7-Ubuntu-1ubuntu218.10.1"/>
    <property name="sun.io.unicode.encoding" value="UnicodeLittle"/>
    <property name="java.class.version" value="55.0"/>
  </properties>
  <testcase name="testRIPEMD160" classname="RIPEMD160Test" time="0">
    <failure message="expected: &lt;&gt; but was: &lt;f3cd5ddd30ad4d28f13cf195786f2e95e8914b22&gt;" type="org.opentest4j.AssertionFailedError"><![CDATA[org.opentest4j.AssertionFailedError: expected: <> but was: <f3cd5ddd30ad4d28f13cf195786f2e95e8914b22>
	at RIPEMD160Test.testRIPEMD160(RIPEMD160Test.java:10)
]]></failure>
  </testcase>
</testsuite>