<?xml version="1.0" encoding="UTF-8"?>
<testsuite xmlns:xsi="http://www.w3.org/2001/XMLSchema-instance" xsi:noNamespaceSchemaLocation="https://maven.apache.org/surefire/maven-surefire-plugin/xsd/surefire-test-report.xsd" name="mathHomework.models.SHA256Test" time="0.143" tests="15" errors="0" skipped="0" failures="1">
  <properties>
    <property name="awt.toolkit" value="sun.awt.X11.XToolkit"/>
    <property name="java.specification.version" value="11"/>
    <property name="sun.cpu.isalist" value=""/>
    <property name="sun.jnu.encoding" value="UTF-8"/>
    <property name="java.class.path" value="/home/robbie/IdeaProjects/mathHomework/target/test-classes:/home/robbie/IdeaProjects/mathHomework/target/classes:/home/robbie/.m2/repository/com/google/collections/google-collections/1.0/google-collections-1.0.jar:/home/robbie/.m2/repository/commons-codec/commons-codec/1.12/commons-codec-1.12.jar:/home/robbie/.m2/repository/org/junit/jupiter/junit-jupiter/5.6.0/junit-jupiter-5.6.0.jar:/home/robbie/.m2/repository/org/junit/jupiter/junit-jupiter-api/5.6.0/junit-jupiter-api-5.6.0.jar:/home/robbie/.m2/repository/org/apiguardian/apiguardian-api/1.1.0/apiguardian-api-1.1.0.jar:/home/robbie/.m2/repository/org/opentest4j/opentest4j/1.2.0/opentest4j-1.2.0.jar:/home/robbie/.m2/repository/org/junit/platform/junit-platform-commons/1.6.0/junit-platform-commons-1.6.0.jar:/home/robbie/.m2/repository/org/junit/jupiter/junit-jupiter-params/5.6.0/junit-jupiter-params-5.6.0.jar:/home/robbie/.m2/repository/org/junit/jupiter/junit-jupiter-engine/5.6.0/junit-jupiter-engine-5.6.0.jar:/home/robbie/.m2/repository/org/junit/platform/junit-platform-engine/1.6.0/junit-platform-engine-1.6.0.jar:/home/robbie/.m2/repository/org/jcuda/jcuda/10.1.0/jcuda-10.1.0.jar:/home/robbie/.m2/repository/org/jcuda/jcuda-natives/10.1.0/jcuda-natives-10.1.0-linux-x86_64.jar:/home/robbie/.m2/repository/org/jcuda/jcublas/10.1.0/jcublas-10.1.0.jar:/home/robbie/.m2/repository/org/jcuda/jcublas-natives/10.1.0/jcublas-natives-10.1.0-linux-x86_64.jar:/home/robbie/.m2/repository/org/jcuda/jcufft/10.1.0/jcufft-10.1.0.jar:/home/robbie/.m2/repository/org/jcuda/jcufft-natives/10.1.0/jcufft-natives-10.1.0-linux-x86_64.jar:/home/robbie/.m2/repository/org/jcuda/jcusparse/10.1.0/jcusparse-10.1.0.jar:/home/robbie/.m2/repository/org/jcuda/jcusparse-natives/10.1.0/jcusparse-natives-10.1.0-linux-x86_64.jar:/home/robbie/.m2/repository/org/jcuda/jcusolver/10.1.0/jcusolver-10.1.0.jar:/home/robbie/.m2/repository/org/jcuda/jcusolver-natives/10.1.0/jcusolver-natives-10.1.0-linux-x86_64.jar:/home/robbie/.m2/repository/org/jcuda/jcurand/10.1.0/jcurand-10.1.0.jar:/home/robbie/.m2/repository/org/jcuda/jcurand-natives/10.1.0/jcurand-natives-10.1.0-linux-x86_64.jar:/home/robbie/.m2/repository/org/jcuda/jnvgraph/10.1.0/jnvgraph-10.1.0.jar:/home/robbie/.m2/repository/org/jcuda/jnvgraph-natives/10.1.0/jnvgraph-natives-10.1.0-linux-x86_64.jar:/home/robbie/.m2/repository/org/jcuda/jcudnn/10.1.0/jcudnn-10.1.0.jar:/home/robbie/.m2/repository/org/jcuda/jcudnn-natives/10.1.0/jcudnn-natives-10.1.0-linux-x86_64.jar:"/>
    <property name="java.vm.vendor" value="JetBrains s.r.o"/>
    <property name="sun.arch.data.model" value="64"/>
    <property name="java.vendor.url" value="https://www.jetbrains.com/"/>
    <property name="user.timezone" value=""/>
    <property name="java.vm.specification.version" value="11"/>
    <property name="os.name" value="Linux"/>
    <property name="sun.java.launcher" value="SUN_STANDARD"/>
    <property name="user.country" value="US"/>
    <property name="sun.boot.library.path" value="/opt/idea-IU-193.6015.39/jbr/lib"/>
    <property name="sun.java.command" value="/home/robbie/IdeaProjects/mathHomework/target/surefire/surefirebooter15971199889405857521.jar /home/robbie/IdeaProjects/mathHomework/target/surefire 2020-02-16T16-39-48_658-jvmRun1 surefire1144770758256188734tmp surefire_08172642373583141183tmp"/>
    <property name="jdk.debug" value="release"/>
    <property name="surefire.test.class.path" value="/home/robbie/IdeaProjects/mathHomework/target/test-classes:/home/robbie/IdeaProjects/mathHomework/target/classes:/home/robbie/.m2/repository/com/google/collections/google-collections/1.0/google-collections-1.0.jar:/home/robbie/.m2/repository/commons-codec/commons-codec/1.12/commons-codec-1.12.jar:/home/robbie/.m2/repository/org/junit/jupiter/junit-jupiter/5.6.0/junit-jupiter-5.6.0.jar:/home/robbie/.m2/repository/org/junit/jupiter/junit-jupiter-api/5.6.0/junit-jupiter-api-5.6.0.jar:/home/robbie/.m2/repository/org/apiguardian/apiguardian-api/1.1.0/apiguardian-api-1.1.0.jar:/home/robbie/.m2/repository/org/opentest4j/opentest4j/1.2.0/opentest4j-1.2.0.jar:/home/robbie/.m2/repository/org/junit/platform/junit-platform-commons/1.6.0/junit-platform-commons-1.6.0.jar:/home/robbie/.m2/repository/org/junit/jupiter/junit-jupiter-params/5.6.0/junit-jupiter-params-5.6.0.jar:/home/robbie/.m2/repository/org/junit/jupiter/junit-jupiter-engine/5.6.0/junit-jupiter-engine-5.6.0.jar:/home/robbie/.m2/repository/org/junit/platform/junit-platform-engine/1.6.0/junit-platform-engine-1.6.0.jar:/home/robbie/.m2/repository/org/jcuda/jcuda/10.1.0/jcuda-10.1.0.jar:/home/robbie/.m2/repository/org/jcuda/jcuda-natives/10.1.0/jcuda-natives-10.1.0-linux-x86_64.jar:/home/robbie/.m2/repository/org/jcuda/jcublas/10.1.0/jcublas-10.1.0.jar:/home/robbie/.m2/repository/org/jcuda/jcublas-natives/10.1.0/jcublas-natives-10.1.0-linux-x86_64.jar:/home/robbie/.m2/repository/org/jcuda/jcufft/10.1.0/jcufft-10.1.0.jar:/home/robbie/.m2/repository/org/jcuda/jcufft-natives/10.1.0/jcufft-natives-10.1.0-linux-x86_64.jar:/home/robbie/.m2/repository/org/jcuda/jcusparse/10.1.0/jcusparse-10.1.0.jar:/home/robbie/.m2/repository/org/jcuda/jcusparse-natives/10.1.0/jcusparse-natives-10.1.0-linux-x86_64.jar:/home/robbie/.m2/repository/org/jcuda/jcusolver/10.1.0/jcusolver-10.1.0.jar:/home/robbie/.m2/repository/org/jcuda/jcusolver-natives/10.1.0/jcusolver-natives-10.1.0-linux-x86_64.jar:/home/robbie/.m2/repository/org/jcuda/jcurand/10.1.0/jcurand-10.1.0.jar:/home/robbie/.m2/repository/org/jcuda/jcurand-natives/10.1.0/jcurand-natives-10.1.0-linux-x86_64.jar:/home/robbie/.m2/repository/org/jcuda/jnvgraph/10.1.0/jnvgraph-10.1.0.jar:/home/robbie/.m2/repository/org/jcuda/jnvgraph-natives/10.1.0/jnvgraph-natives-10.1.0-linux-x86_64.jar:/home/robbie/.m2/repository/org/jcuda/jcudnn/10.1.0/jcudnn-10.1.0.jar:/home/robbie/.m2/repository/org/jcuda/jcudnn-natives/10.1.0/jcudnn-natives-10.1.0-linux-x86_64.jar:"/>
    <property name="sun.cpu.endian" value="little"/>
    <property name="user.home" value="/home/robbie"/>
    <property name="user.language" value="en"/>
    <property name="java.specification.vendor" value="Oracle Corporation"/>
    <property name="java.version.date" value="2019-10-15"/>
    <property name="java.home" value="/opt/idea-IU-193.6015.39/jbr"/>
    <property name="file.separator" value="/"/>
    <property name="basedir" value="/home/robbie/IdeaProjects/mathHomework"/>
    <property name="java.vm.compressedOopsMode" value="Zero based"/>
    <property name="line.separator" value="&#10;"/>
    <property name="java.specification.name" value="Java Platform API Specification"/>
    <property name="java.vm.specification.vendor" value="Oracle Corporation"/>
    <property name="java.awt.graphicsenv" value="sun.awt.X11GraphicsEnvironment"/>
    <property name="surefire.real.class.path" value="/home/robbie/IdeaProjects/mathHomework/target/surefire/surefirebooter15971199889405857521.jar"/>
    <property name="sun.management.compiler" value="HotSpot 64-Bit Tiered Compilers"/>
    <property name="java.runtime.version" value="11.0.5+10-b520.30"/>
    <property name="user.name" value="robbie"/>
    <property name="path.separator" value=":"/>
    <property name="os.version" value="4.18.0-10-generic"/>
    <property name="java.runtime.name" value="OpenJDK Runtime Environment"/>
    <property name="file.encoding" value="UTF-8"/>
    <property name="java.vm.name" value="OpenJDK 64-Bit Server VM"/>
    <property name="localRepository" value="/home/robbie/.m2/repository"/>
    <property name="java.vendor.url.bug" value="https://youtrack.jetbrains.com"/>
    <property name="java.io.tmpdir" value="/tmp"/>
    <property name="java.version" value="11.0.5"/>
    <property name="user.dir" value="/home/robbie/IdeaProjects/mathHomework"/>
    <property name="os.arch" value="amd64"/>
    <property name="java.vm.specification.name" value="Java Virtual Machine Specification"/>
    <property name="java.awt.printerjob" value="sun.print.PSPrinterJob"/>
    <property name="sun.os.patch.level" value="unknown"/>
    <property name="java.library.path" value="/usr/java/packages/lib:/usr/lib64:/lib64:/lib:/usr/lib"/>
    <property name="idea.version2019.3.2" value="true"/>
    <property name="java.vendor" value="JetBrains s.r.o"/>
    <property name="java.vm.info" value="mixed mode"/>
    <property name="java.vm.version" value="11.0.5+10-b520.30"/>
    <property name="sun.io.unicode.encoding" value="UnicodeLittle"/>
    <property name="java.class.version" value="55.0"/>
  </properties>
  <testcase name="testComputeIntermediateHash" classname="mathHomework.models.SHA256Test" time="0.031"/>
  <testcase name="testLowerSigma0" classname="mathHomework.models.SHA256Test" time="0"/>
  <testcase name="testLowerSigma1" classname="mathHomework.models.SHA256Test" time="0.001"/>
  <testcase name="testProcessRound" classname="mathHomework.models.SHA256Test" time="0.004"/>
  <testcase name="testHashComputation" classname="mathHomework.models.SHA256Test" time="0.012"/>
  <testcase name="testUpperSigma0" classname="mathHomework.models.SHA256Test" time="0.001"/>
  <testcase name="testUpperSigma1" classname="mathHomework.models.SHA256Test" time="0.001"/>
  <testcase name="testPrepareMessageSchedule" classname="mathHomework.models.SHA256Test" time="0.003"/>
  <testcase name="testPreprocessing" classname="mathHomework.models.SHA256Test" time="0.004"/>
  <testcase name="testAddOutput" classname="mathHomework.models.SHA256Test" time="0.002"/>
  <testcase name="testMajority" classname="mathHomework.models.SHA256Test" time="0.002"/>
  <testcase name="testSHA256UsingPublicKey" classname="mathHomework.models.SHA256Test" time="0.017"/>
  <testcase name="testChoice" classname="mathHomework.models.SHA256Test" time="0.001"/>
  <testcase name="testSHA256" classname="mathHomework.models.SHA256Test" time="0.032">
    <failure message="expected: &lt;f6c4d6736f912ffebe65fb1497aac2a111d037883f39b5d72ea0d39f216ed368&gt; but was: &lt;102a2ee88419b173693d32289ce7e22bedf3f3c763660aaf5828bfb188622d2d&gt;" type="org.opentest4j.AssertionFailedError"><![CDATA[org.opentest4j.AssertionFailedError: expected: <f6c4d6736f912ffebe65fb1497aac2a111d037883f39b5d72ea0d39f216ed368> but was: <102a2ee88419b173693d32289ce7e22bedf3f3c763660aaf5828bfb188622d2d>
	at mathHomework.models.SHA256Test.testSHA256(SHA256Test.java:39)
]]></failure>
  </testcase>
  <testcase name="testSHA256UsingDigest" classname="mathHomework.models.SHA256Test" time="0.001"/>
</testsuite>